Building DAG of jobs...
Using shell: /bin/bash
Provided cores: 1
Rules claiming more threads will be scaled down.
Job counts:
	count	jobs
	1	placement_epa
	1

[Wed Aug 21 16:14:01 2019]
rule placement_epa:
    input: HMM/2_r150.fasta_refs, HMM/2_r150.fasta_queries, T/2.tree, T/RAxML_info.optim_2.tree
    output: EPANG/2_r150_epa_result.jplace
    log: logs/placement_epang/2_r150.log
    jobid: 0
    wildcards: pruning=2, length=150


        mkdir -p EPANG/2_r150
        epa-ng --verbose -w EPANG/2_r150 -q HMM/2_r150.fasta_queries -t T/2.tree --ref-msa HMM/2_r150.fasta_refs -T 1 -m T/RAxML_info.optim_2.tree &> logs/placement_epang/2_r150.log
        mv EPANG/2_r150/epa_info.log EPANG/2_r150_epa_info.log
        mv EPANG/2_r150/2_r150.fasta_queries_epa_result.jplace EPANG/2_r150_epa_result.jplace
        rm -r EPANG/2_r150
        
[Wed Aug 21 16:14:01 2019]
Error in rule placement_epa:
    jobid: 0
    output: EPANG/2_r150_epa_result.jplace
    log: logs/placement_epang/2_r150.log (check log file(s) for error message)
    shell:
        
        mkdir -p EPANG/2_r150
        epa-ng --verbose -w EPANG/2_r150 -q HMM/2_r150.fasta_queries -t T/2.tree --ref-msa HMM/2_r150.fasta_refs -T 1 -m T/RAxML_info.optim_2.tree &> logs/placement_epang/2_r150.log
        mv EPANG/2_r150/epa_info.log EPANG/2_r150_epa_info.log
        mv EPANG/2_r150/2_r150.fasta_queries_epa_result.jplace EPANG/2_r150_epa_result.jplace
        rm -r EPANG/2_r150
        
        (exited with non-zero exit code)

Shutting down, this might take some time.
Exiting because a job execution failed. Look above for error message
Complete log: /home/ben/PycharmProjects/placetest_pipeline/.snakemake/log/2019-08-21T161401.286754.snakemake.log
