Building DAG of jobs...
Using shell: /bin/bash
Provided cores: 1
Rules claiming more threads will be scaled down.
Job counts:
	count	jobs
	1	hmmalign
	1

[Tue Aug 20 18:20:26 2019]
rule hmmalign:
    input: HMM/1.hmm, A/1.align, R/1_r300.fasta
    output: HMM/1_r300.psiblast
    log: logs/hmmbuild/1_r300.log
    jobid: 0
    wildcards: pruning=1, length=300

hmmalign --dna --outformat PSIBLAST --mapli A/1.align HMM/1.hmm R/1_r300.fasta &> logs/hmmbuild/1_r300.log
[Tue Aug 20 18:20:26 2019]
Error in rule hmmalign:
    jobid: 0
    output: HMM/1_r300.psiblast
    log: logs/hmmbuild/1_r300.log (check log file(s) for error message)
    shell:
        hmmalign --dna --outformat PSIBLAST --mapli A/1.align HMM/1.hmm R/1_r300.fasta &> logs/hmmbuild/1_r300.log
        (exited with non-zero exit code)

Shutting down, this might take some time.
Exiting because a job execution failed. Look above for error message
Complete log: /home/ben/PycharmProjects/placetest_pipeline/.snakemake/log/2019-08-20T182026.192349.snakemake.log
