Building DAG of jobs...
Using shell: /bin/bash
Provided cores: 1
Rules claiming more threads will be scaled down.
Job counts:
	count	jobs
	1	psiblast_to_fasta
	1

[Tue Aug 20 18:49:39 2019]
rule psiblast_to_fasta:
    input: HMM/1_r150.psiblast
    output: HMM/1_r150.fasta
    jobid: 0
    wildcards: pruning=1, length=150

scripts/psiblast2fasta.py HMM/1_r150.psiblast HMM/1_r150.fasta
[Tue Aug 20 18:49:39 2019]
Error in rule psiblast_to_fasta:
    jobid: 0
    output: HMM/1_r150.fasta
    shell:
        scripts/psiblast2fasta.py HMM/1_r150.psiblast HMM/1_r150.fasta
        (exited with non-zero exit code)

Shutting down, this might take some time.
Exiting because a job execution failed. Look above for error message
Complete log: /home/ben/PycharmProjects/placetest_pipeline/.snakemake/log/2019-08-20T184939.686907.snakemake.log
