Building DAG of jobs...
Using shell: /bin/bash
Provided cores: 1
Rules claiming more threads will be scaled down.
Job counts:
	count	jobs
	1	placement_epa
	1

[Wed Aug 21 13:15:37 2019]
rule placement_epa:
    input: HMM/2_r150.fasta, T/2.tree
    output: EPA/RAxML_classificationLikelihoodWeights.2_r150, EPA/RAxML_classification.2_r150, EPA/RAxML_entropy.2_r150, EPA/RAxML_info.2_r150, EPA/RAxML_labelledTree.2_r150, EPA/RAxML_originalLabelledTree.2_r150, EPA/RAxML_portableTree.2_r150.jplace
    log: logs/placement_epa/2_r150.log
    jobid: 0
    wildcards: pruning=2, length=150

raxmlHPC-SSE3 -f v -w EPA -G 0.1 -m GTRGAMMA -c 4 -n 2_r150 -s HMM/2_r150.fasta -t T/2.tree &> logs/placement_epa/2_r150.log 
[Wed Aug 21 13:15:37 2019]
Error in rule placement_epa:
    jobid: 0
    output: EPA/RAxML_classificationLikelihoodWeights.2_r150, EPA/RAxML_classification.2_r150, EPA/RAxML_entropy.2_r150, EPA/RAxML_info.2_r150, EPA/RAxML_labelledTree.2_r150, EPA/RAxML_originalLabelledTree.2_r150, EPA/RAxML_portableTree.2_r150.jplace
    log: logs/placement_epa/2_r150.log (check log file(s) for error message)
    shell:
        raxmlHPC-SSE3 -f v -w EPA -G 0.1 -m GTRGAMMA -c 4 -n 2_r150 -s HMM/2_r150.fasta -t T/2.tree &> logs/placement_epa/2_r150.log 
        (exited with non-zero exit code)

Shutting down, this might take some time.
Exiting because a job execution failed. Look above for error message
Complete log: /home/ben/PycharmProjects/placetest_pipeline/.snakemake/log/2019-08-21T131537.034388.snakemake.log
