Building DAG of jobs...
Using shell: /bin/bash
Provided cores: 1
Rules claiming more threads will be scaled down.
Job counts:
	count	jobs
	3	hmmbuild
	3

[Tue Aug 20 18:04:56 2019]
rule hmmbuild:
    input: A/2.align
    output: HMM/2.hmm
    log: logs/hmmbuild/2.log
    jobid: 0
    wildcards: pruning=2

hmmbuild --cpu 1 --dna HMM/2.hmm A/2.align &> logs/hmmbuild/2.log
[Tue Aug 20 18:04:56 2019]
Finished job 0.
1 of 3 steps (33%) done

[Tue Aug 20 18:04:56 2019]
rule hmmbuild:
    input: A/3.align
    output: HMM/3.hmm
    log: logs/hmmbuild/3.log
    jobid: 2
    wildcards: pruning=3

hmmbuild --cpu 1 --dna HMM/3.hmm A/3.align &> logs/hmmbuild/3.log
[Tue Aug 20 18:04:56 2019]
Finished job 2.
2 of 3 steps (67%) done

[Tue Aug 20 18:04:56 2019]
rule hmmbuild:
    input: A/1.align
    output: HMM/1.hmm
    log: logs/hmmbuild/1.log
    jobid: 1
    wildcards: pruning=1

hmmbuild --cpu 1 --dna HMM/1.hmm A/1.align &> logs/hmmbuild/1.log
[Tue Aug 20 18:04:56 2019]
Finished job 1.
3 of 3 steps (100%) done
Complete log: /home/ben/PycharmProjects/placetest_pipeline/.snakemake/log/2019-08-20T180456.101547.snakemake.log
