Building DAG of jobs...
Using shell: /bin/bash
Provided cores: 1
Rules claiming more threads will be scaled down.
Job counts:
	count	jobs
	1	psiblast_to_fasta
	1

[Tue Aug 20 18:57:06 2019]
rule psiblast_to_fasta:
    input: HMM/1_r150.psiblast
    output: HMM/1_r150.fasta
    log: logs/psiblast2fasta/1_r150.log
    jobid: 0
    wildcards: pruning=1, length=150

scripts/psiblast2fasta.py HMM/1_r150.psiblast HMM/1_r150.fasta &> logs/psiblast2fasta/1_r150.log
[Tue Aug 20 18:57:06 2019]
Finished job 0.
1 of 1 steps (100%) done
Complete log: /home/ben/PycharmProjects/placetest_pipeline/.snakemake/log/2019-08-20T185706.525412.snakemake.log
