Building DAG of jobs...
Using shell: /bin/bash
Provided cores: 1
Rules claiming more threads will be scaled down.
Job counts:
	count	jobs
	1	placement_epa
	1

[Wed Aug 21 15:43:07 2019]
rule placement_epa:
    input: HMM/2_r150.fasta_queries, HMM/2_r150.fasta_refs, T/2.tree, T/RAxML_info.optim_2.tree
    output: EPANG/2_r150.fasta_epa_result.jplace
    log: logs/placement_epang/2_r150.log
    jobid: 0
    wildcards: pruning=2, length=150


        mkdir EPANG/2
        epa-ng --verbose --outdir EPANG/2 --query HMM/2_r150.fasta_refs --tree T/2.tree --ref-msa HMM/2_r150.fasta_queries -T 1 --model T/RAxML_info.optim_2.tree &> logs/placement_epang/2_r150.log
        
[Wed Aug 21 15:43:07 2019]
Error in rule placement_epa:
    jobid: 0
    output: EPANG/2_r150.fasta_epa_result.jplace
    log: logs/placement_epang/2_r150.log (check log file(s) for error message)
    shell:
        
        mkdir EPANG/2
        epa-ng --verbose --outdir EPANG/2 --query HMM/2_r150.fasta_refs --tree T/2.tree --ref-msa HMM/2_r150.fasta_queries -T 1 --model T/RAxML_info.optim_2.tree &> logs/placement_epang/2_r150.log
        
        (exited with non-zero exit code)

Shutting down, this might take some time.
Exiting because a job execution failed. Look above for error message
Complete log: /home/ben/PycharmProjects/placetest_pipeline/.snakemake/log/2019-08-21T154307.732721.snakemake.log
