Building DAG of jobs...
Using shell: /bin/bash
Provided cores: 1
Rules claiming more threads will be scaled down.
Job counts:
	count	jobs
	1	hmmalign
	1

[Tue Aug 20 18:27:19 2019]
rule hmmalign:
    input: HMM/1.hmm, A/1.align, R/1_r300.fasta
    output: HMM/1_r300.psiblast
    log: logs/hmmbuild/1_r300.log
    jobid: 0
    wildcards: pruning=1, length=300

hmmalign --dna --outformat PSIBLAST -o HMM/1_r300.psiblast --mapali A/1.align HMM/1.hmm R/1_r300.fasta &> logs/hmmbuild/1_r300.log
[Tue Aug 20 18:27:19 2019]
Finished job 0.
1 of 1 steps (100%) done
Complete log: /home/ben/PycharmProjects/placetest_pipeline/.snakemake/log/2019-08-20T182719.331261.snakemake.log
