Building DAG of jobs...
Using shell: /bin/bash
Provided cores: 1
Rules claiming more threads will be scaled down.
Job counts:
	count	jobs
	1	psiblast_to_fasta
	1

[Tue Aug 20 18:55:31 2019]
rule psiblast_to_fasta:
    input: HMM/1_r150.psiblast
    output: HMM/1_r150.fasta
    log: logs/psiblast2fasta/1_r150.log
    jobid: 0
    wildcards: pruning=1, length=150

scripts/psiblast2fasta.py HMM/1_r150.psiblast HMM/1_r150.fasta &> logs/psiblast2fasta/1_r150.log
[Tue Aug 20 18:55:31 2019]
Error in rule psiblast_to_fasta:
    jobid: 0
    output: HMM/1_r150.fasta
    log: logs/psiblast2fasta/1_r150.log (check log file(s) for error message)
    shell:
        scripts/psiblast2fasta.py HMM/1_r150.psiblast HMM/1_r150.fasta &> logs/psiblast2fasta/1_r150.log
        (exited with non-zero exit code)

Shutting down, this might take some time.
Exiting because a job execution failed. Look above for error message
Complete log: /home/ben/PycharmProjects/placetest_pipeline/.snakemake/log/2019-08-20T185531.002903.snakemake.log
