Building DAG of jobs...
Using shell: /bin/bash
Provided cores: 1
Rules claiming more threads will be scaled down.
Job counts:
	count	jobs
	3	hmmbuild
	3

[Tue Aug 20 18:04:13 2019]
rule hmmbuild:
    input: A/2.align
    output: HMM/2.hmm
    log: logs/hmmbuild/2.log
    jobid: 1
    wildcards: pruning=2

hmmbuild --cpu 1 --dna --informat FASTA HMM/2.hmm A/2.align &> logs/hmmbuild/2.log
[Tue Aug 20 18:04:13 2019]
Error in rule hmmbuild:
    jobid: 1
    output: HMM/2.hmm
    log: logs/hmmbuild/2.log (check log file(s) for error message)
    shell:
        hmmbuild --cpu 1 --dna --informat FASTA HMM/2.hmm A/2.align &> logs/hmmbuild/2.log
        (exited with non-zero exit code)

Shutting down, this might take some time.
Exiting because a job execution failed. Look above for error message
Complete log: /home/ben/PycharmProjects/placetest_pipeline/.snakemake/log/2019-08-20T180413.009946.snakemake.log
