Building DAG of jobs...
Using shell: /bin/bash
Provided cores: 1
Rules claiming more threads will be scaled down.
Job counts:
	count	jobs
	1	all
	5	placement_epa
	6

[Wed Aug 21 13:43:13 2019]
rule placement_epa:
    input: HMM/1_r150.fasta, T/1.tree
    output: EPA/RAxML_classificationLikelihoodWeights.1_r150, EPA/RAxML_classification.1_r150, EPA/RAxML_entropy.1_r150, EPA/RAxML_info.1_r150, EPA/RAxML_labelledTree.1_r150, EPA/RAxML_originalLabelledTree.1_r150, EPA/RAxML_portableTree.1_r150.jplace
    log: logs/placement_epa/1_r150.log
    jobid: 1
    wildcards: pruning=1, length=150

raxmlHPC-SSE3 -f v -w /home/ben/PycharmProjects/placetest_pipeline/EPA -G 0.1 -m GTRGAMMA -c 4 -n 1_r150 -s HMM/1_r150.fasta -t T/1.tree &> logs/placement_epa/1_r150.log 
Write-protecting output file EPA/RAxML_portableTree.1_r150.jplace.
Removing temporary output file EPA/RAxML_classificationLikelihoodWeights.1_r150.
Removing temporary output file EPA/RAxML_classification.1_r150.
Removing temporary output file EPA/RAxML_entropy.1_r150.
Removing temporary output file EPA/RAxML_info.1_r150.
Removing temporary output file EPA/RAxML_labelledTree.1_r150.
Removing temporary output file EPA/RAxML_originalLabelledTree.1_r150.
[Wed Aug 21 13:43:20 2019]
Finished job 1.
1 of 6 steps (17%) done

[Wed Aug 21 13:43:20 2019]
rule placement_epa:
    input: HMM/1_r300.fasta, T/1.tree
    output: EPA/RAxML_classificationLikelihoodWeights.1_r300, EPA/RAxML_classification.1_r300, EPA/RAxML_entropy.1_r300, EPA/RAxML_info.1_r300, EPA/RAxML_labelledTree.1_r300, EPA/RAxML_originalLabelledTree.1_r300, EPA/RAxML_portableTree.1_r300.jplace
    log: logs/placement_epa/1_r300.log
    jobid: 2
    wildcards: pruning=1, length=300

raxmlHPC-SSE3 -f v -w /home/ben/PycharmProjects/placetest_pipeline/EPA -G 0.1 -m GTRGAMMA -c 4 -n 1_r300 -s HMM/1_r300.fasta -t T/1.tree &> logs/placement_epa/1_r300.log 
Write-protecting output file EPA/RAxML_portableTree.1_r300.jplace.
Removing temporary output file EPA/RAxML_classificationLikelihoodWeights.1_r300.
Removing temporary output file EPA/RAxML_classification.1_r300.
Removing temporary output file EPA/RAxML_entropy.1_r300.
Removing temporary output file EPA/RAxML_info.1_r300.
Removing temporary output file EPA/RAxML_labelledTree.1_r300.
Removing temporary output file EPA/RAxML_originalLabelledTree.1_r300.
[Wed Aug 21 13:43:24 2019]
Finished job 2.
2 of 6 steps (33%) done

[Wed Aug 21 13:43:24 2019]
rule placement_epa:
    input: HMM/3_r150.fasta, T/3.tree
    output: EPA/RAxML_classificationLikelihoodWeights.3_r150, EPA/RAxML_classification.3_r150, EPA/RAxML_entropy.3_r150, EPA/RAxML_info.3_r150, EPA/RAxML_labelledTree.3_r150, EPA/RAxML_originalLabelledTree.3_r150, EPA/RAxML_portableTree.3_r150.jplace
    log: logs/placement_epa/3_r150.log
    jobid: 5
    wildcards: pruning=3, length=150

raxmlHPC-SSE3 -f v -w /home/ben/PycharmProjects/placetest_pipeline/EPA -G 0.1 -m GTRGAMMA -c 4 -n 3_r150 -s HMM/3_r150.fasta -t T/3.tree &> logs/placement_epa/3_r150.log 
Write-protecting output file EPA/RAxML_portableTree.3_r150.jplace.
Removing temporary output file EPA/RAxML_classificationLikelihoodWeights.3_r150.
Removing temporary output file EPA/RAxML_classification.3_r150.
Removing temporary output file EPA/RAxML_entropy.3_r150.
Removing temporary output file EPA/RAxML_info.3_r150.
Removing temporary output file EPA/RAxML_labelledTree.3_r150.
Removing temporary output file EPA/RAxML_originalLabelledTree.3_r150.
[Wed Aug 21 13:43:29 2019]
Finished job 5.
3 of 6 steps (50%) done

[Wed Aug 21 13:43:29 2019]
rule placement_epa:
    input: HMM/3_r300.fasta, T/3.tree
    output: EPA/RAxML_classificationLikelihoodWeights.3_r300, EPA/RAxML_classification.3_r300, EPA/RAxML_entropy.3_r300, EPA/RAxML_info.3_r300, EPA/RAxML_labelledTree.3_r300, EPA/RAxML_originalLabelledTree.3_r300, EPA/RAxML_portableTree.3_r300.jplace
    log: logs/placement_epa/3_r300.log
    jobid: 6
    wildcards: pruning=3, length=300

raxmlHPC-SSE3 -f v -w /home/ben/PycharmProjects/placetest_pipeline/EPA -G 0.1 -m GTRGAMMA -c 4 -n 3_r300 -s HMM/3_r300.fasta -t T/3.tree &> logs/placement_epa/3_r300.log 
Write-protecting output file EPA/RAxML_portableTree.3_r300.jplace.
Removing temporary output file EPA/RAxML_classificationLikelihoodWeights.3_r300.
Removing temporary output file EPA/RAxML_classification.3_r300.
Removing temporary output file EPA/RAxML_entropy.3_r300.
Removing temporary output file EPA/RAxML_info.3_r300.
Removing temporary output file EPA/RAxML_labelledTree.3_r300.
Removing temporary output file EPA/RAxML_originalLabelledTree.3_r300.
[Wed Aug 21 13:43:33 2019]
Finished job 6.
4 of 6 steps (67%) done

[Wed Aug 21 13:43:33 2019]
rule placement_epa:
    input: HMM/2_r300.fasta, T/2.tree
    output: EPA/RAxML_classificationLikelihoodWeights.2_r300, EPA/RAxML_classification.2_r300, EPA/RAxML_entropy.2_r300, EPA/RAxML_info.2_r300, EPA/RAxML_labelledTree.2_r300, EPA/RAxML_originalLabelledTree.2_r300, EPA/RAxML_portableTree.2_r300.jplace
    log: logs/placement_epa/2_r300.log
    jobid: 4
    wildcards: pruning=2, length=300

raxmlHPC-SSE3 -f v -w /home/ben/PycharmProjects/placetest_pipeline/EPA -G 0.1 -m GTRGAMMA -c 4 -n 2_r300 -s HMM/2_r300.fasta -t T/2.tree &> logs/placement_epa/2_r300.log 
Write-protecting output file EPA/RAxML_portableTree.2_r300.jplace.
Removing temporary output file EPA/RAxML_classificationLikelihoodWeights.2_r300.
Removing temporary output file EPA/RAxML_classification.2_r300.
Removing temporary output file EPA/RAxML_entropy.2_r300.
Removing temporary output file EPA/RAxML_info.2_r300.
Removing temporary output file EPA/RAxML_labelledTree.2_r300.
Removing temporary output file EPA/RAxML_originalLabelledTree.2_r300.
[Wed Aug 21 13:43:36 2019]
Finished job 4.
5 of 6 steps (83%) done

[Wed Aug 21 13:43:36 2019]
localrule all:
    input: EPA/RAxML_portableTree.1_r150.jplace, EPA/RAxML_portableTree.1_r300.jplace, EPA/RAxML_portableTree.2_r150.jplace, EPA/RAxML_portableTree.2_r300.jplace, EPA/RAxML_portableTree.3_r150.jplace, EPA/RAxML_portableTree.3_r300.jplace
    jobid: 0

[Wed Aug 21 13:43:36 2019]
Finished job 0.
6 of 6 steps (100%) done
Complete log: /home/ben/PycharmProjects/placetest_pipeline/.snakemake/log/2019-08-21T134313.247076.snakemake.log
