Building DAG of jobs...
Using shell: /bin/bash
Provided cores: 1
Rules claiming more threads will be scaled down.
Job counts:
	count	jobs
	1	placement_epa
	1	split_alignment
	2

[Wed Aug 21 15:20:47 2019]
rule split_alignment:
    input: HMM/2_r150.fasta, R/2_r150.fasta
    output: HMM/2_r150.fasta_queries, HMM/2_r150.fasta_refs
    jobid: 1
    wildcards: pruning=2, length=150

[Wed Aug 21 15:20:47 2019]
Error in rule split_alignment:
    jobid: 1
    output: HMM/2_r150.fasta_queries, HMM/2_r150.fasta_refs

RuleException:
NameError in line 25 of /home/ben/PycharmProjects/placetest_pipeline/tools/placement_epa-ng.smk:
The name 'input' is unknown in this context. Please make sure that you defined that variable. Also note that braces not used for variable access have to be escaped by repeating them, i.e. {{print $1}}
  File "/home/ben/PycharmProjects/placetest_pipeline/tools/placement_epa-ng.smk", line 25, in __rule_split_alignment
  File "/media/ben/STOCK/VIRTUAL_ENV/miniconda3/envs/placetest_pipeline/lib/python3.7/concurrent/futures/thread.py", line 57, in run
Shutting down, this might take some time.
Exiting because a job execution failed. Look above for error message
Complete log: /home/ben/PycharmProjects/placetest_pipeline/.snakemake/log/2019-08-21T152047.307255.snakemake.log
